{"/Users/albertogiovanelli/digitalgarage/introduction-to-react-with-redux/src/App.js": {"path":"/Users/albertogiovanelli/digitalgarage/introduction-to-react-with-redux/src/App.js","statementMap":{"0":{"start":{"line":13,"column":8},"end":{"line":16,"column":20}}},"fnMap":{"0":{"name":"(anonymous_0)","decl":{"start":{"line":12,"column":4},"end":{"line":12,"column":5}},"loc":{"start":{"line":12,"column":13},"end":{"line":17,"column":5}},"line":12}},"branchMap":{},"s":{"0":1},"f":{"0":1},"b":{},"_coverageSchema":"332fd63041d2c1bcb487cc26dd0d5f7d97098a6c","hash":"8dfdeb829d9c1b82b5fa93166df562c37f337102"}
,"/Users/albertogiovanelli/digitalgarage/introduction-to-react-with-redux/src/index.js": {"path":"/Users/albertogiovanelli/digitalgarage/introduction-to-react-with-redux/src/index.js","statementMap":{"0":{"start":{"line":1,"column":32},"end":{"line":1,"column":118}},"1":{"start":{"line":1,"column":132},"end":{"line":1,"column":148}},"2":{"start":{"line":1,"column":163},"end":{"line":1,"column":193}},"3":{"start":{"line":2,"column":16},"end":{"line":2,"column":36}},"4":{"start":{"line":2,"column":54},"end":{"line":2,"column":87}},"5":{"start":{"line":3,"column":0},"end":{"line":3,"column":23}},"6":{"start":{"line":4,"column":11},"end":{"line":4,"column":27}},"7":{"start":{"line":4,"column":40},"end":{"line":4,"column":68}},"8":{"start":{"line":5,"column":29},"end":{"line":5,"column":63}},"9":{"start":{"line":5,"column":94},"end":{"line":5,"column":140}},"10":{"start":{"line":6,"column":18},"end":{"line":6,"column":40}},"11":{"start":{"line":8,"column":13},"end":{"line":8,"column":31}},"12":{"start":{"line":8,"column":70},"end":{"line":8,"column":124}},"13":{"start":{"line":10,"column":0},"end":{"line":16,"column":33}},"14":{"start":{"line":17,"column":0},"end":{"line":17,"column":39}}},"fnMap":{"0":{"name":"_interopRequireDefault","decl":{"start":{"line":8,"column":41},"end":{"line":8,"column":63}},"loc":{"start":{"line":8,"column":69},"end":{"line":8,"column":125}},"line":8}},"branchMap":{"0":{"loc":{"start":{"line":8,"column":77},"end":{"line":8,"column":123}},"type":"cond-expr","locations":[{"start":{"line":8,"column":101},"end":{"line":8,"column":104}},{"start":{"line":8,"column":107},"end":{"line":8,"column":123}}],"line":8},"1":{"loc":{"start":{"line":8,"column":77},"end":{"line":8,"column":98}},"type":"binary-expr","locations":[{"start":{"line":8,"column":77},"end":{"line":8,"column":80}},{"start":{"line":8,"column":84},"end":{"line":8,"column":98}}],"line":8}},"s":{"0":0,"1":0,"2":0,"3":0,"4":0,"5":0,"6":0,"7":0,"8":0,"9":0,"10":0,"11":0,"12":0,"13":0,"14":0},"f":{"0":0},"b":{"0":[0,0],"1":[0,0]}}
,"/Users/albertogiovanelli/digitalgarage/introduction-to-react-with-redux/src/registerServiceWorker.js": {"path":"/Users/albertogiovanelli/digitalgarage/introduction-to-react-with-redux/src/registerServiceWorker.js","statementMap":{"0":{"start":{"line":1,"column":13},"end":{"line":1,"column":75}},"1":{"start":{"line":1,"column":75},"end":{"line":21,"column":9}},"2":{"start":{"line":21,"column":9},"end":{"line":111,"column":24}},"3":{"start":{"line":118,"column":20},"end":{"line":120,"column":89}},"4":{"start":{"line":120,"column":111},"end":{"line":128,"column":36}},"5":{"start":{"line":121,"column":22},"end":{"line":121,"column":70}},"6":{"start":{"line":121,"column":71},"end":{"line":124,"column":14}},"7":{"start":{"line":124,"column":6},"end":{"line":124,"column":13}},"8":{"start":{"line":124,"column":14},"end":{"line":128,"column":35}},"9":{"start":{"line":124,"column":67},"end":{"line":124,"column":112}},"10":{"start":{"line":124,"column":113},"end":{"line":128,"column":32}},"11":{"start":{"line":125,"column":8},"end":{"line":125,"column":39}},"12":{"start":{"line":127,"column":8},"end":{"line":127,"column":178}},"13":{"start":{"line":127,"column":50},"end":{"line":127,"column":175}},"14":{"start":{"line":128,"column":8},"end":{"line":128,"column":31}},"15":{"start":{"line":128,"column":70},"end":{"line":135,"column":156}},"16":{"start":{"line":128,"column":132},"end":{"line":135,"column":68}},"17":{"start":{"line":128,"column":193},"end":{"line":128,"column":216}},"18":{"start":{"line":128,"column":217},"end":{"line":135,"column":66}},"19":{"start":{"line":128,"column":257},"end":{"line":135,"column":64}},"20":{"start":{"line":128,"column":302},"end":{"line":135,"column":63}},"21":{"start":{"line":132,"column":12},"end":{"line":132,"column":69}},"22":{"start":{"line":135,"column":12},"end":{"line":135,"column":62}},"23":{"start":{"line":135,"column":87},"end":{"line":135,"column":153}},"24":{"start":{"line":136,"column":2},"end":{"line":139,"column":126}},"25":{"start":{"line":137,"column":4},"end":{"line":139,"column":30}},"26":{"start":{"line":138,"column":6},"end":{"line":138,"column":127}},"27":{"start":{"line":138,"column":58},"end":{"line":138,"column":124}},"28":{"start":{"line":138,"column":96},"end":{"line":138,"column":121}},"29":{"start":{"line":139,"column":6},"end":{"line":139,"column":29}},"30":{"start":{"line":139,"column":46},"end":{"line":139,"column":123}},"31":{"start":{"line":139,"column":150},"end":{"line":139,"column":267}},"32":{"start":{"line":139,"column":185},"end":{"line":139,"column":266}},"33":{"start":{"line":139,"column":237},"end":{"line":139,"column":263}}},"fnMap":{"0":{"name":"register","decl":{"start":{"line":120,"column":99},"end":{"line":120,"column":107}},"loc":{"start":{"line":120,"column":110},"end":{"line":128,"column":37}},"line":120},"1":{"name":"(anonymous_1)","decl":{"start":{"line":124,"column":46},"end":{"line":124,"column":47}},"loc":{"start":{"line":124,"column":52},"end":{"line":128,"column":33}},"line":124},"2":{"name":"(anonymous_2)","decl":{"start":{"line":127,"column":43},"end":{"line":127,"column":44}},"loc":{"start":{"line":127,"column":49},"end":{"line":127,"column":176}},"line":127},"3":{"name":"registerValidSW","decl":{"start":{"line":128,"column":46},"end":{"line":128,"column":61}},"loc":{"start":{"line":128,"column":69},"end":{"line":135,"column":157}},"line":128},"4":{"name":"(anonymous_4)","decl":{"start":{"line":128,"column":115},"end":{"line":128,"column":116}},"loc":{"start":{"line":128,"column":131},"end":{"line":135,"column":69}},"line":128},"5":{"name":"(anonymous_5)","decl":{"start":{"line":128,"column":161},"end":{"line":128,"column":162}},"loc":{"start":{"line":128,"column":167},"end":{"line":135,"column":67}},"line":128},"6":{"name":"(anonymous_6)","decl":{"start":{"line":128,"column":250},"end":{"line":128,"column":251}},"loc":{"start":{"line":128,"column":256},"end":{"line":135,"column":65}},"line":128},"7":{"name":"(anonymous_7)","decl":{"start":{"line":135,"column":77},"end":{"line":135,"column":78}},"loc":{"start":{"line":135,"column":86},"end":{"line":135,"column":154}},"line":135},"8":{"name":"checkValidServiceWorker","decl":{"start":{"line":135,"column":166},"end":{"line":135,"column":189}},"loc":{"start":{"line":135,"column":197},"end":{"line":139,"column":127}},"line":135},"9":{"name":"(anonymous_9)","decl":{"start":{"line":136,"column":20},"end":{"line":136,"column":21}},"loc":{"start":{"line":136,"column":32},"end":{"line":139,"column":31}},"line":136},"10":{"name":"(anonymous_10)","decl":{"start":{"line":138,"column":41},"end":{"line":138,"column":42}},"loc":{"start":{"line":138,"column":57},"end":{"line":138,"column":125}},"line":138},"11":{"name":"(anonymous_11)","decl":{"start":{"line":138,"column":89},"end":{"line":138,"column":90}},"loc":{"start":{"line":138,"column":95},"end":{"line":138,"column":122}},"line":138},"12":{"name":"(anonymous_12)","decl":{"start":{"line":139,"column":39},"end":{"line":139,"column":40}},"loc":{"start":{"line":139,"column":45},"end":{"line":139,"column":124}},"line":139},"13":{"name":"unregister","decl":{"start":{"line":139,"column":136},"end":{"line":139,"column":146}},"loc":{"start":{"line":139,"column":149},"end":{"line":139,"column":268}},"line":139},"14":{"name":"(anonymous_14)","decl":{"start":{"line":139,"column":220},"end":{"line":139,"column":221}},"loc":{"start":{"line":139,"column":236},"end":{"line":139,"column":264}},"line":139}},"branchMap":{"0":{"loc":{"start":{"line":118,"column":28},"end":{"line":120,"column":88}},"type":"binary-expr","locations":[{"start":{"line":118,"column":28},"end":{"line":118,"column":68}},{"start":{"line":119,"column":0},"end":{"line":119,"column":36}},{"start":{"line":120,"column":0},"end":{"line":120,"column":88}}],"line":118},"1":{"loc":{"start":{"line":120,"column":111},"end":{"line":128,"column":36}},"type":"if","locations":[{"start":{"line":120,"column":111},"end":{"line":128,"column":36}},{"start":{"line":120,"column":111},"end":{"line":128,"column":36}}],"line":120},"2":{"loc":{"start":{"line":120,"column":115},"end":{"line":120,"column":184}},"type":"binary-expr","locations":[{"start":{"line":120,"column":115},"end":{"line":120,"column":152}},{"start":{"line":120,"column":156},"end":{"line":120,"column":184}}],"line":120},"3":{"loc":{"start":{"line":121,"column":71},"end":{"line":124,"column":14}},"type":"if","locations":[{"start":{"line":121,"column":71},"end":{"line":124,"column":14}},{"start":{"line":121,"column":71},"end":{"line":124,"column":14}}],"line":121},"4":{"loc":{"start":{"line":124,"column":113},"end":{"line":128,"column":32}},"type":"if","locations":[{"start":{"line":124,"column":113},"end":{"line":128,"column":32}},{"start":{"line":124,"column":113},"end":{"line":128,"column":32}}],"line":124},"5":{"loc":{"start":{"line":128,"column":257},"end":{"line":135,"column":64}},"type":"if","locations":[{"start":{"line":128,"column":257},"end":{"line":135,"column":64}},{"start":{"line":128,"column":257},"end":{"line":135,"column":64}}],"line":128},"6":{"loc":{"start":{"line":128,"column":302},"end":{"line":135,"column":63}},"type":"if","locations":[{"start":{"line":128,"column":302},"end":{"line":135,"column":63}},{"start":{"line":128,"column":302},"end":{"line":135,"column":63}}],"line":128},"7":{"loc":{"start":{"line":137,"column":4},"end":{"line":139,"column":30}},"type":"if","locations":[{"start":{"line":137,"column":4},"end":{"line":139,"column":30}},{"start":{"line":137,"column":4},"end":{"line":139,"column":30}}],"line":137},"8":{"loc":{"start":{"line":137,"column":8},"end":{"line":137,"column":100}},"type":"binary-expr","locations":[{"start":{"line":137,"column":8},"end":{"line":137,"column":31}},{"start":{"line":137,"column":35},"end":{"line":137,"column":100}}],"line":137},"9":{"loc":{"start":{"line":139,"column":150},"end":{"line":139,"column":267}},"type":"if","locations":[{"start":{"line":139,"column":150},"end":{"line":139,"column":267}},{"start":{"line":139,"column":150},"end":{"line":139,"column":267}}],"line":139}},"s":{"0":0,"1":0,"2":0,"3":0,"4":0,"5":0,"6":0,"7":0,"8":0,"9":0,"10":0,"11":0,"12":0,"13":0,"14":0,"15":0,"16":0,"17":0,"18":0,"19":0,"20":0,"21":0,"22":0,"23":0,"24":0,"25":0,"26":0,"27":0,"28":0,"29":0,"30":0,"31":0,"32":0,"33":0},"f":{"0":0,"1":0,"2":0,"3":0,"4":0,"5":0,"6":0,"7":0,"8":0,"9":0,"10":0,"11":0,"12":0,"13":0,"14":0},"b":{"0":[0,0,0],"1":[0,0],"2":[0,0],"3":[0,0],"4":[0,0],"5":[0,0],"6":[0,0],"7":[0,0],"8":[0,0],"9":[0,0]}}
,"/Users/albertogiovanelli/digitalgarage/introduction-to-react-with-redux/src/store.js": {"path":"/Users/albertogiovanelli/digitalgarage/introduction-to-react-with-redux/src/store.js","statementMap":{"0":{"start":{"line":1,"column":13},"end":{"line":1,"column":75}},"1":{"start":{"line":1,"column":75},"end":{"line":1,"column":101}},"2":{"start":{"line":4,"column":13},"end":{"line":4,"column":29}},"3":{"start":{"line":5,"column":19},"end":{"line":5,"column":57}},"4":{"start":{"line":7,"column":87},"end":{"line":7,"column":148}},"5":{"start":{"line":10,"column":20},"end":{"line":11,"column":42}},"6":{"start":{"line":14,"column":14},"end":{"line":14,"column":86}},"7":{"start":{"line":16,"column":0},"end":{"line":16,"column":42}}},"fnMap":{},"branchMap":{"0":{"loc":{"start":{"line":7,"column":87},"end":{"line":7,"column":148}},"type":"binary-expr","locations":[{"start":{"line":7,"column":87},"end":{"line":7,"column":130}},{"start":{"line":7,"column":134},"end":{"line":7,"column":148}}],"line":7}},"s":{"0":0,"1":0,"2":0,"3":0,"4":0,"5":0,"6":0,"7":0},"f":{},"b":{"0":[0,0]}}
,"/Users/albertogiovanelli/digitalgarage/introduction-to-react-with-redux/src/actions/auth/authAction.js": {"path":"/Users/albertogiovanelli/digitalgarage/introduction-to-react-with-redux/src/actions/auth/authAction.js","statementMap":{"0":{"start":{"line":10,"column":4},"end":{"line":13,"column":5}},"1":{"start":{"line":17,"column":4},"end":{"line":20,"column":5}}},"fnMap":{"0":{"name":"login","decl":{"start":{"line":9,"column":16},"end":{"line":9,"column":21}},"loc":{"start":{"line":9,"column":28},"end":{"line":14,"column":1}},"line":9},"1":{"name":"logout","decl":{"start":{"line":16,"column":16},"end":{"line":16,"column":22}},"loc":{"start":{"line":16,"column":29},"end":{"line":21,"column":1}},"line":16}},"branchMap":{},"s":{"0":0,"1":0},"f":{"0":0,"1":0},"b":{},"_coverageSchema":"332fd63041d2c1bcb487cc26dd0d5f7d97098a6c","hash":"1740d3a3fc5dcdaa15af620189d9eac8195af9f8"}
,"/Users/albertogiovanelli/digitalgarage/introduction-to-react-with-redux/src/actions/utils/constant/authConstants.js": {"path":"/Users/albertogiovanelli/digitalgarage/introduction-to-react-with-redux/src/actions/utils/constant/authConstants.js","statementMap":{"0":{"start":{"line":1,"column":21},"end":{"line":1,"column":28}},"1":{"start":{"line":2,"column":21},"end":{"line":2,"column":29}}},"fnMap":{},"branchMap":{},"s":{"0":1,"1":1},"f":{},"b":{},"_coverageSchema":"332fd63041d2c1bcb487cc26dd0d5f7d97098a6c","hash":"40871ff228768941524ded22ed49c0a220214039"}
,"/Users/albertogiovanelli/digitalgarage/introduction-to-react-with-redux/src/components/Button/Button.js": {"path":"/Users/albertogiovanelli/digitalgarage/introduction-to-react-with-redux/src/components/Button/Button.js","statementMap":{"0":{"start":{"line":10,"column":15},"end":{"line":21,"column":1}},"1":{"start":{"line":11,"column":4},"end":{"line":20,"column":13}},"2":{"start":{"line":23,"column":0},"end":{"line":30,"column":2}},"3":{"start":{"line":32,"column":0},"end":{"line":34,"column":2}}},"fnMap":{"0":{"name":"(anonymous_0)","decl":{"start":{"line":10,"column":15},"end":{"line":10,"column":16}},"loc":{"start":{"line":11,"column":4},"end":{"line":20,"column":13}},"line":11}},"branchMap":{},"s":{"0":1,"1":0,"2":1,"3":1},"f":{"0":0},"b":{},"_coverageSchema":"332fd63041d2c1bcb487cc26dd0d5f7d97098a6c","hash":"8c3e02975db18085eb48cfa57d27904d502135f8"}
,"/Users/albertogiovanelli/digitalgarage/introduction-to-react-with-redux/src/components/FlexContainer/FlexContainer.js": {"path":"/Users/albertogiovanelli/digitalgarage/introduction-to-react-with-redux/src/components/FlexContainer/FlexContainer.js","statementMap":{"0":{"start":{"line":9,"column":22},"end":{"line":16,"column":1}},"1":{"start":{"line":10,"column":4},"end":{"line":15,"column":6}},"2":{"start":{"line":18,"column":0},"end":{"line":21,"column":2}}},"fnMap":{"0":{"name":"(anonymous_0)","decl":{"start":{"line":9,"column":22},"end":{"line":9,"column":23}},"loc":{"start":{"line":9,"column":33},"end":{"line":16,"column":1}},"line":9}},"branchMap":{},"s":{"0":1,"1":0,"2":1},"f":{"0":0},"b":{},"_coverageSchema":"332fd63041d2c1bcb487cc26dd0d5f7d97098a6c","hash":"df5acf7c7de5d53093dcb5c72d7089eecf3b103b"}
,"/Users/albertogiovanelli/digitalgarage/introduction-to-react-with-redux/src/mocks/fakeLogin.js": {"path":"/Users/albertogiovanelli/digitalgarage/introduction-to-react-with-redux/src/mocks/fakeLogin.js","statementMap":{"0":{"start":{"line":6,"column":25},"end":{"line":12,"column":1}},"1":{"start":{"line":7,"column":4},"end":{"line":11,"column":5}},"2":{"start":{"line":8,"column":8},"end":{"line":8,"column":68}},"3":{"start":{"line":10,"column":8},"end":{"line":10,"column":43}},"4":{"start":{"line":14,"column":23},"end":{"line":16,"column":1}},"5":{"start":{"line":15,"column":4},"end":{"line":15,"column":52}}},"fnMap":{"0":{"name":"(anonymous_0)","decl":{"start":{"line":6,"column":25},"end":{"line":6,"column":26}},"loc":{"start":{"line":6,"column":57},"end":{"line":12,"column":1}},"line":6},"1":{"name":"(anonymous_1)","decl":{"start":{"line":14,"column":23},"end":{"line":14,"column":24}},"loc":{"start":{"line":14,"column":40},"end":{"line":16,"column":1}},"line":14}},"branchMap":{"0":{"loc":{"start":{"line":7,"column":4},"end":{"line":11,"column":5}},"type":"if","locations":[{"start":{"line":7,"column":4},"end":{"line":11,"column":5}},{"start":{"line":7,"column":4},"end":{"line":11,"column":5}}],"line":7},"1":{"loc":{"start":{"line":7,"column":8},"end":{"line":7,"column":54}},"type":"binary-expr","locations":[{"start":{"line":7,"column":8},"end":{"line":7,"column":30}},{"start":{"line":7,"column":34},"end":{"line":7,"column":54}}],"line":7}},"s":{"0":1,"1":0,"2":0,"3":0,"4":1,"5":0},"f":{"0":0,"1":0},"b":{"0":[0,0],"1":[0,0]},"_coverageSchema":"332fd63041d2c1bcb487cc26dd0d5f7d97098a6c","hash":"f1fe8fd9bc132c9197f9d8d7a421a7cd0809ab3c"}
,"/Users/albertogiovanelli/digitalgarage/introduction-to-react-with-redux/src/reducers/auth/authReducer.js": {"path":"/Users/albertogiovanelli/digitalgarage/introduction-to-react-with-redux/src/reducers/auth/authReducer.js","statementMap":{"0":{"start":{"line":1,"column":13},"end":{"line":1,"column":75}},"1":{"start":{"line":1,"column":75},"end":{"line":1,"column":130}},"2":{"start":{"line":4,"column":21},"end":{"line":4,"column":74}},"3":{"start":{"line":9,"column":21},"end":{"line":11,"column":23}},"4":{"start":{"line":14,"column":20},"end":{"line":30,"column":1}},"5":{"start":{"line":15,"column":4},"end":{"line":28,"column":26}},"6":{"start":{"line":18,"column":12},"end":{"line":20,"column":55}},"7":{"start":{"line":23,"column":12},"end":{"line":25,"column":36}},"8":{"start":{"line":28,"column":12},"end":{"line":28,"column":25}}},"fnMap":{"0":{"name":"(anonymous_0)","decl":{"start":{"line":14,"column":42},"end":{"line":14,"column":43}},"loc":{"start":{"line":14,"column":76},"end":{"line":30,"column":1}},"line":14}},"branchMap":{"0":{"loc":{"start":{"line":14,"column":43},"end":{"line":14,"column":63}},"type":"default-arg","locations":[{"start":{"line":14,"column":51},"end":{"line":14,"column":63}}],"line":14},"1":{"loc":{"start":{"line":15,"column":4},"end":{"line":28,"column":26}},"type":"switch","locations":[{"start":{"line":17,"column":8},"end":{"line":20,"column":55}},{"start":{"line":22,"column":8},"end":{"line":25,"column":36}},{"start":{"line":27,"column":8},"end":{"line":28,"column":25}}],"line":15}},"s":{"0":0,"1":0,"2":0,"3":0,"4":0,"5":0,"6":0,"7":0,"8":0},"f":{"0":0},"b":{"0":[0],"1":[0,0,0]}}
,"/Users/albertogiovanelli/digitalgarage/introduction-to-react-with-redux/src/routers/AppRouter.js": {"path":"/Users/albertogiovanelli/digitalgarage/introduction-to-react-with-redux/src/routers/AppRouter.js","statementMap":{"0":{"start":{"line":13,"column":23},"end":{"line":13,"column":38}},"1":{"start":{"line":15,"column":18},"end":{"line":25,"column":1}},"2":{"start":{"line":16,"column":4},"end":{"line":24,"column":13}}},"fnMap":{"0":{"name":"(anonymous_0)","decl":{"start":{"line":15,"column":18},"end":{"line":15,"column":19}},"loc":{"start":{"line":16,"column":4},"end":{"line":24,"column":13}},"line":16}},"branchMap":{},"s":{"0":1,"1":1,"2":1},"f":{"0":1},"b":{},"_coverageSchema":"332fd63041d2c1bcb487cc26dd0d5f7d97098a6c","hash":"797fd70a877ac2431dc8a6b1cc7aac76331f5597"}
,"/Users/albertogiovanelli/digitalgarage/introduction-to-react-with-redux/src/routers/PrivateRoute.js": {"path":"/Users/albertogiovanelli/digitalgarage/introduction-to-react-with-redux/src/routers/PrivateRoute.js","statementMap":{"0":{"start":{"line":8,"column":28},"end":{"line":20,"column":1}},"1":{"start":{"line":13,"column":4},"end":{"line":19,"column":8}},"2":{"start":{"line":14,"column":8},"end":{"line":18,"column":13}},"3":{"start":{"line":22,"column":24},"end":{"line":24,"column":2}},"4":{"start":{"line":22,"column":36},"end":{"line":24,"column":1}}},"fnMap":{"0":{"name":"(anonymous_0)","decl":{"start":{"line":8,"column":28},"end":{"line":8,"column":29}},"loc":{"start":{"line":13,"column":4},"end":{"line":19,"column":8}},"line":13},"1":{"name":"(anonymous_1)","decl":{"start":{"line":13,"column":32},"end":{"line":13,"column":33}},"loc":{"start":{"line":14,"column":8},"end":{"line":18,"column":13}},"line":14},"2":{"name":"(anonymous_2)","decl":{"start":{"line":22,"column":24},"end":{"line":22,"column":25}},"loc":{"start":{"line":22,"column":36},"end":{"line":24,"column":1}},"line":22}},"branchMap":{"0":{"loc":{"start":{"line":14,"column":8},"end":{"line":18,"column":13}},"type":"cond-expr","locations":[{"start":{"line":15,"column":16},"end":{"line":15,"column":39}},{"start":{"line":17,"column":16},"end":{"line":17,"column":34}}],"line":14}},"s":{"0":1,"1":0,"2":0,"3":1,"4":0},"f":{"0":0,"1":0,"2":0},"b":{"0":[0,0]},"_coverageSchema":"332fd63041d2c1bcb487cc26dd0d5f7d97098a6c","hash":"7dd894466c0754381cab1f7dc9d257eb780bf34a"}
,"/Users/albertogiovanelli/digitalgarage/introduction-to-react-with-redux/src/routers/PublicRoute.js": {"path":"/Users/albertogiovanelli/digitalgarage/introduction-to-react-with-redux/src/routers/PublicRoute.js","statementMap":{"0":{"start":{"line":8,"column":27},"end":{"line":20,"column":1}},"1":{"start":{"line":13,"column":4},"end":{"line":19,"column":8}},"2":{"start":{"line":14,"column":8},"end":{"line":18,"column":13}},"3":{"start":{"line":22,"column":24},"end":{"line":24,"column":2}},"4":{"start":{"line":22,"column":36},"end":{"line":24,"column":1}}},"fnMap":{"0":{"name":"(anonymous_0)","decl":{"start":{"line":8,"column":27},"end":{"line":8,"column":28}},"loc":{"start":{"line":13,"column":4},"end":{"line":19,"column":8}},"line":13},"1":{"name":"(anonymous_1)","decl":{"start":{"line":13,"column":32},"end":{"line":13,"column":33}},"loc":{"start":{"line":14,"column":8},"end":{"line":18,"column":13}},"line":14},"2":{"name":"(anonymous_2)","decl":{"start":{"line":22,"column":24},"end":{"line":22,"column":25}},"loc":{"start":{"line":22,"column":36},"end":{"line":24,"column":1}},"line":22}},"branchMap":{"0":{"loc":{"start":{"line":14,"column":8},"end":{"line":18,"column":13}},"type":"cond-expr","locations":[{"start":{"line":15,"column":16},"end":{"line":15,"column":43}},{"start":{"line":17,"column":16},"end":{"line":17,"column":39}}],"line":14}},"s":{"0":1,"1":0,"2":0,"3":1,"4":0},"f":{"0":0,"1":0,"2":0},"b":{"0":[0,0]},"_coverageSchema":"332fd63041d2c1bcb487cc26dd0d5f7d97098a6c","hash":"227c4fd42c0d19e79935b39712e1bb9de026a8c4"}
,"/Users/albertogiovanelli/digitalgarage/introduction-to-react-with-redux/src/scenes/Dashboard/Dashboard.js": {"path":"/Users/albertogiovanelli/digitalgarage/introduction-to-react-with-redux/src/scenes/Dashboard/Dashboard.js","statementMap":{"0":{"start":{"line":6,"column":18},"end":{"line":8,"column":1}},"1":{"start":{"line":7,"column":4},"end":{"line":7,"column":29}}},"fnMap":{"0":{"name":"(anonymous_0)","decl":{"start":{"line":6,"column":18},"end":{"line":6,"column":19}},"loc":{"start":{"line":7,"column":4},"end":{"line":7,"column":29}},"line":7}},"branchMap":{},"s":{"0":1,"1":0},"f":{"0":0},"b":{},"_coverageSchema":"332fd63041d2c1bcb487cc26dd0d5f7d97098a6c","hash":"87e5b971113781968a7cbf3168096488d54db5f3"}
,"/Users/albertogiovanelli/digitalgarage/introduction-to-react-with-redux/src/scenes/LoginPage/LoginPage.js": {"path":"/Users/albertogiovanelli/digitalgarage/introduction-to-react-with-redux/src/scenes/LoginPage/LoginPage.js","statementMap":{"0":{"start":{"line":13,"column":8},"end":{"line":13,"column":16}},"1":{"start":{"line":14,"column":8},"end":{"line":14,"column":61}},"2":{"start":{"line":23,"column":8},"end":{"line":23,"column":27}},"3":{"start":{"line":24,"column":8},"end":{"line":34,"column":9}},"4":{"start":{"line":25,"column":24},"end":{"line":25,"column":51}},"5":{"start":{"line":26,"column":12},"end":{"line":28,"column":16}},"6":{"start":{"line":29,"column":12},"end":{"line":29,"column":50}},"7":{"start":{"line":30,"column":25},"end":{"line":30,"column":48}},"8":{"start":{"line":31,"column":12},"end":{"line":31,"column":38}},"9":{"start":{"line":33,"column":12},"end":{"line":33,"column":55}},"10":{"start":{"line":35,"column":8},"end":{"line":35,"column":21}},"11":{"start":{"line":39,"column":8},"end":{"line":39,"column":28}},"12":{"start":{"line":43,"column":30},"end":{"line":43,"column":38}},"13":{"start":{"line":44,"column":8},"end":{"line":46,"column":42}},"14":{"start":{"line":46,"column":17},"end":{"line":46,"column":40}},"15":{"start":{"line":50,"column":8},"end":{"line":61,"column":10}},"16":{"start":{"line":52,"column":68},"end":{"line":52,"column":84}}},"fnMap":{"0":{"name":"(anonymous_0)","decl":{"start":{"line":12,"column":4},"end":{"line":12,"column":5}},"loc":{"start":{"line":12,"column":18},"end":{"line":15,"column":5}},"line":12},"1":{"name":"(anonymous_1)","decl":{"start":{"line":22,"column":4},"end":{"line":22,"column":5}},"loc":{"start":{"line":22,"column":22},"end":{"line":36,"column":5}},"line":22},"2":{"name":"(anonymous_2)","decl":{"start":{"line":38,"column":4},"end":{"line":38,"column":5}},"loc":{"start":{"line":38,"column":23},"end":{"line":40,"column":5}},"line":38},"3":{"name":"(anonymous_3)","decl":{"start":{"line":42,"column":4},"end":{"line":42,"column":5}},"loc":{"start":{"line":42,"column":22},"end":{"line":47,"column":5}},"line":42},"4":{"name":"(anonymous_4)","decl":{"start":{"line":46,"column":11},"end":{"line":46,"column":12}},"loc":{"start":{"line":46,"column":17},"end":{"line":46,"column":40}},"line":46},"5":{"name":"(anonymous_5)","decl":{"start":{"line":49,"column":4},"end":{"line":49,"column":5}},"loc":{"start":{"line":49,"column":13},"end":{"line":62,"column":5}},"line":49},"6":{"name":"(anonymous_6)","decl":{"start":{"line":52,"column":61},"end":{"line":52,"column":62}},"loc":{"start":{"line":52,"column":68},"end":{"line":52,"column":84}},"line":52}},"branchMap":{},"s":{"0":0,"1":0,"2":0,"3":0,"4":0,"5":0,"6":0,"7":0,"8":0,"9":0,"10":0,"11":0,"12":0,"13":0,"14":0,"15":0,"16":0},"f":{"0":0,"1":0,"2":0,"3":0,"4":0,"5":0,"6":0},"b":{},"_coverageSchema":"332fd63041d2c1bcb487cc26dd0d5f7d97098a6c","hash":"f5ad78ecaffbc2986e69c1900ba3c8eade996dfa"}
,"/Users/albertogiovanelli/digitalgarage/introduction-to-react-with-redux/src/scenes/NotFoundPage/NotFoundPage.js": {"path":"/Users/albertogiovanelli/digitalgarage/introduction-to-react-with-redux/src/scenes/NotFoundPage/NotFoundPage.js","statementMap":{"0":{"start":{"line":6,"column":18},"end":{"line":8,"column":1}},"1":{"start":{"line":7,"column":4},"end":{"line":7,"column":29}}},"fnMap":{"0":{"name":"(anonymous_0)","decl":{"start":{"line":6,"column":18},"end":{"line":6,"column":19}},"loc":{"start":{"line":7,"column":4},"end":{"line":7,"column":29}},"line":7}},"branchMap":{},"s":{"0":1,"1":0},"f":{"0":0},"b":{},"_coverageSchema":"332fd63041d2c1bcb487cc26dd0d5f7d97098a6c","hash":"0616a5819cc92f9e62db6ba725a72ef85bc60944"}
}
