TN:
SF:/Users/albertogiovanelli/digitalgarage/introduction-to-react-with-redux/src/App.js
FN:12,(anonymous_0)
FNF:1
FNH:1
FNDA:1,(anonymous_0)
DA:13,1
LF:1
LH:1
BRF:0
BRH:0
end_of_record
TN:
SF:/Users/albertogiovanelli/digitalgarage/introduction-to-react-with-redux/src/index.js
FN:8,_interopRequireDefault
FNF:1
FNH:0
FNDA:0,_interopRequireDefault
DA:1,0
DA:2,0
DA:3,0
DA:4,0
DA:5,0
DA:6,0
DA:8,0
DA:10,0
DA:17,0
LF:9
LH:0
BRDA:8,0,0,0
BRDA:8,0,1,0
BRDA:8,1,0,0
BRDA:8,1,1,0
BRF:4
BRH:0
end_of_record
TN:
SF:/Users/albertogiovanelli/digitalgarage/introduction-to-react-with-redux/src/registerServiceWorker.js
FN:120,register
FN:124,(anonymous_1)
FN:127,(anonymous_2)
FN:128,registerValidSW
FN:128,(anonymous_4)
FN:128,(anonymous_5)
FN:128,(anonymous_6)
FN:135,(anonymous_7)
FN:135,checkValidServiceWorker
FN:136,(anonymous_9)
FN:138,(anonymous_10)
FN:138,(anonymous_11)
FN:139,(anonymous_12)
FN:139,unregister
FN:139,(anonymous_14)
FNF:15
FNH:0
FNDA:0,register
FNDA:0,(anonymous_1)
FNDA:0,(anonymous_2)
FNDA:0,registerValidSW
FNDA:0,(anonymous_4)
FNDA:0,(anonymous_5)
FNDA:0,(anonymous_6)
FNDA:0,(anonymous_7)
FNDA:0,checkValidServiceWorker
FNDA:0,(anonymous_9)
FNDA:0,(anonymous_10)
FNDA:0,(anonymous_11)
FNDA:0,(anonymous_12)
FNDA:0,unregister
FNDA:0,(anonymous_14)
DA:1,0
DA:21,0
DA:118,0
DA:120,0
DA:121,0
DA:124,0
DA:125,0
DA:127,0
DA:128,0
DA:132,0
DA:135,0
DA:136,0
DA:137,0
DA:138,0
DA:139,0
LF:15
LH:0
BRDA:118,0,0,0
BRDA:118,0,1,0
BRDA:118,0,2,0
BRDA:120,1,0,0
BRDA:120,1,1,0
BRDA:120,2,0,0
BRDA:120,2,1,0
BRDA:121,3,0,0
BRDA:121,3,1,0
BRDA:124,4,0,0
BRDA:124,4,1,0
BRDA:128,5,0,0
BRDA:128,5,1,0
BRDA:128,6,0,0
BRDA:128,6,1,0
BRDA:137,7,0,0
BRDA:137,7,1,0
BRDA:137,8,0,0
BRDA:137,8,1,0
BRDA:139,9,0,0
BRDA:139,9,1,0
BRF:21
BRH:0
end_of_record
TN:
SF:/Users/albertogiovanelli/digitalgarage/introduction-to-react-with-redux/src/store.js
FNF:0
FNH:0
DA:1,0
DA:4,0
DA:5,0
DA:7,0
DA:10,0
DA:14,0
DA:16,0
LF:7
LH:0
BRDA:7,0,0,0
BRDA:7,0,1,0
BRF:2
BRH:0
end_of_record
TN:
SF:/Users/albertogiovanelli/digitalgarage/introduction-to-react-with-redux/src/actions/auth/authAction.js
FN:9,login
FN:16,logout
FNF:2
FNH:0
FNDA:0,login
FNDA:0,logout
DA:10,0
DA:17,0
LF:2
LH:0
BRF:0
BRH:0
end_of_record
TN:
SF:/Users/albertogiovanelli/digitalgarage/introduction-to-react-with-redux/src/actions/utils/constant/authConstants.js
FNF:0
FNH:0
DA:1,1
DA:2,1
LF:2
LH:2
BRF:0
BRH:0
end_of_record
TN:
SF:/Users/albertogiovanelli/digitalgarage/introduction-to-react-with-redux/src/components/Button/Button.js
FN:10,(anonymous_0)
FNF:1
FNH:0
FNDA:0,(anonymous_0)
DA:10,1
DA:11,0
DA:23,1
DA:32,1
LF:4
LH:3
BRF:0
BRH:0
end_of_record
TN:
SF:/Users/albertogiovanelli/digitalgarage/introduction-to-react-with-redux/src/components/FlexContainer/FlexContainer.js
FN:9,(anonymous_0)
FNF:1
FNH:0
FNDA:0,(anonymous_0)
DA:9,1
DA:10,0
DA:18,1
LF:3
LH:2
BRF:0
BRH:0
end_of_record
TN:
SF:/Users/albertogiovanelli/digitalgarage/introduction-to-react-with-redux/src/mocks/fakeLogin.js
FN:6,(anonymous_0)
FN:14,(anonymous_1)
FNF:2
FNH:0
FNDA:0,(anonymous_0)
FNDA:0,(anonymous_1)
DA:6,1
DA:7,0
DA:8,0
DA:10,0
DA:14,1
DA:15,0
LF:6
LH:2
BRDA:7,0,0,0
BRDA:7,0,1,0
BRDA:7,1,0,0
BRDA:7,1,1,0
BRF:4
BRH:0
end_of_record
TN:
SF:/Users/albertogiovanelli/digitalgarage/introduction-to-react-with-redux/src/reducers/auth/authReducer.js
FN:14,(anonymous_0)
FNF:1
FNH:0
FNDA:0,(anonymous_0)
DA:1,0
DA:4,0
DA:9,0
DA:14,0
DA:15,0
DA:18,0
DA:23,0
DA:28,0
LF:8
LH:0
BRDA:14,0,0,0
BRDA:15,1,0,0
BRDA:15,1,1,0
BRDA:15,1,2,0
BRF:4
BRH:0
end_of_record
TN:
SF:/Users/albertogiovanelli/digitalgarage/introduction-to-react-with-redux/src/routers/AppRouter.js
FN:15,(anonymous_0)
FNF:1
FNH:1
FNDA:1,(anonymous_0)
DA:13,1
DA:15,1
DA:16,1
LF:3
LH:3
BRF:0
BRH:0
end_of_record
TN:
SF:/Users/albertogiovanelli/digitalgarage/introduction-to-react-with-redux/src/routers/PrivateRoute.js
FN:8,(anonymous_0)
FN:13,(anonymous_1)
FN:22,(anonymous_2)
FNF:3
FNH:0
FNDA:0,(anonymous_0)
FNDA:0,(anonymous_1)
FNDA:0,(anonymous_2)
DA:8,1
DA:13,0
DA:14,0
DA:22,1
LF:4
LH:2
BRDA:14,0,0,0
BRDA:14,0,1,0
BRF:2
BRH:0
end_of_record
TN:
SF:/Users/albertogiovanelli/digitalgarage/introduction-to-react-with-redux/src/routers/PublicRoute.js
FN:8,(anonymous_0)
FN:13,(anonymous_1)
FN:22,(anonymous_2)
FNF:3
FNH:0
FNDA:0,(anonymous_0)
FNDA:0,(anonymous_1)
FNDA:0,(anonymous_2)
DA:8,1
DA:13,0
DA:14,0
DA:22,1
LF:4
LH:2
BRDA:14,0,0,0
BRDA:14,0,1,0
BRF:2
BRH:0
end_of_record
TN:
SF:/Users/albertogiovanelli/digitalgarage/introduction-to-react-with-redux/src/scenes/Dashboard/Dashboard.js
FN:6,(anonymous_0)
FNF:1
FNH:0
FNDA:0,(anonymous_0)
DA:6,1
DA:7,0
LF:2
LH:1
BRF:0
BRH:0
end_of_record
TN:
SF:/Users/albertogiovanelli/digitalgarage/introduction-to-react-with-redux/src/scenes/LoginPage/LoginPage.js
FN:12,(anonymous_0)
FN:22,(anonymous_1)
FN:38,(anonymous_2)
FN:42,(anonymous_3)
FN:46,(anonymous_4)
FN:49,(anonymous_5)
FN:52,(anonymous_6)
FNF:7
FNH:0
FNDA:0,(anonymous_0)
FNDA:0,(anonymous_1)
FNDA:0,(anonymous_2)
FNDA:0,(anonymous_3)
FNDA:0,(anonymous_4)
FNDA:0,(anonymous_5)
FNDA:0,(anonymous_6)
DA:13,0
DA:14,0
DA:23,0
DA:24,0
DA:25,0
DA:26,0
DA:29,0
DA:30,0
DA:31,0
DA:33,0
DA:35,0
DA:39,0
DA:43,0
DA:44,0
DA:46,0
DA:50,0
DA:52,0
LF:17
LH:0
BRF:0
BRH:0
end_of_record
TN:
SF:/Users/albertogiovanelli/digitalgarage/introduction-to-react-with-redux/src/scenes/NotFoundPage/NotFoundPage.js
FN:6,(anonymous_0)
FNF:1
FNH:0
FNDA:0,(anonymous_0)
DA:6,1
DA:7,0
LF:2
LH:1
BRF:0
BRH:0
end_of_record
